[0125/145554:ERROR:file_io_win.cc(163)] CreateFile C:\Program Files\settings.dat: Access is denied. (0x5)
[0125/145554:ERROR:registration_protocol_win.cc(82)] TransactNamedPipe: The pipe has been ended. (0x6D)
[0125/145554:ERROR:file_io_win.cc(163)] CreateFile C:\Program Files\settings.dat: Access is denied. (0x5)
[0125/145642:ERROR:file_io_win.cc(163)] CreateFile C:\Program Files\settings.dat: Access is denied. (0x5)
[0125/145642:ERROR:registration_protocol_win.cc(82)] TransactNamedPipe: The pipe has been ended. (0x6D)
[0125/145642:ERROR:file_io_win.cc(163)] CreateFile C:\Program Files\settings.dat: Access is denied. (0x5)
[0125/150139:ERROR:file_io_win.cc(163)] CreateFile C:\Program Files\settings.dat: Access is denied. (0x5)
[0125/150139:ERROR:registration_protocol_win.cc(82)] TransactNamedPipe: The pipe has been ended. (0x6D)
[0125/150139:ERROR:file_io_win.cc(163)] CreateFile C:\Program Files\settings.dat: Access is denied. (0x5)
[0125/150338:ERROR:file_io_win.cc(163)] CreateFile C:\Program Files\settings.dat: Access is denied. (0x5)
[0125/150338:ERROR:registration_protocol_win.cc(82)] TransactNamedPipe: The pipe has been ended. (0x6D)
[0125/150338:ERROR:file_io_win.cc(163)] CreateFile C:\Program Files\settings.dat: Access is denied. (0x5)
[0125/155625:ERROR:file_io_win.cc(163)] CreateFile C:\Program Files\settings.dat: Access is denied. (0x5)
[0125/155625:ERROR:registration_protocol_win.cc(82)] TransactNamedPipe: The pipe has been ended. (0x6D)
[0125/155625:ERROR:file_io_win.cc(163)] CreateFile C:\Program Files\settings.dat: Access is denied. (0x5)
[0125/165125:ERROR:file_io_win.cc(163)] CreateFile C:\Program Files\settings.dat: Access is denied. (0x5)
[0125/165125:ERROR:registration_protocol_win.cc(82)] TransactNamedPipe: The pipe has been ended. (0x6D)
[0125/165125:ERROR:file_io_win.cc(163)] CreateFile C:\Program Files\settings.dat: Access is denied. (0x5)
[0125/165917:ERROR:file_io_win.cc(163)] CreateFile C:\Program Files\settings.dat: Access is denied. (0x5)
[0125/165917:ERROR:registration_protocol_win.cc(82)] TransactNamedPipe: The pipe has been ended. (0x6D)
[0125/165917:ERROR:file_io_win.cc(163)] CreateFile C:\Program Files\settings.dat: Access is denied. (0x5)
[0125/175527:ERROR:file_io_win.cc(163)] CreateFile C:\Program Files\settings.dat: Access is denied. (0x5)
[0125/175527:ERROR:registration_protocol_win.cc(82)] TransactNamedPipe: The pipe has been ended. (0x6D)
[0125/175527:ERROR:file_io_win.cc(163)] CreateFile C:\Program Files\settings.dat: Access is denied. (0x5)
[0125/180835:ERROR:file_io_win.cc(163)] CreateFile C:\Program Files\settings.dat: Access is denied. (0x5)
[0125/180835:ERROR:registration_protocol_win.cc(82)] TransactNamedPipe: The pipe has been ended. (0x6D)
[0125/180835:ERROR:file_io_win.cc(163)] CreateFile C:\Program Files\settings.dat: Access is denied. (0x5)
[0126/143810:ERROR:file_io_win.cc(163)] CreateFile C:\Program Files\settings.dat: Access is denied. (0x5)
[0126/143810:ERROR:registration_protocol_win.cc(82)] TransactNamedPipe: The pipe has been ended. (0x6D)
[0126/143810:ERROR:file_io_win.cc(163)] CreateFile C:\Program Files\settings.dat: Access is denied. (0x5)
[0126/203012:ERROR:file_io_win.cc(163)] CreateFile C:\Program Files\settings.dat: Access is denied. (0x5)
[0126/203012:ERROR:registration_protocol_win.cc(82)] TransactNamedPipe: The pipe has been ended. (0x6D)
[0126/203012:ERROR:file_io_win.cc(163)] CreateFile C:\Program Files\settings.dat: Access is denied. (0x5)
[0126/203104:ERROR:file_io_win.cc(163)] CreateFile C:\Program Files\settings.dat: Access is denied. (0x5)
[0126/203104:ERROR:registration_protocol_win.cc(82)] TransactNamedPipe: The pipe has been ended. (0x6D)
[0126/203104:ERROR:file_io_win.cc(163)] CreateFile C:\Program Files\settings.dat: Access is denied. (0x5)
[0126/203121:ERROR:file_io_win.cc(163)] CreateFile C:\Program Files\settings.dat: Access is denied. (0x5)
[0126/203121:ERROR:registration_protocol_win.cc(82)] TransactNamedPipe: The pipe has been ended. (0x6D)
[0126/203121:ERROR:file_io_win.cc(163)] CreateFile C:\Program Files\settings.dat: Access is denied. (0x5)
[0126/204700:ERROR:file_io_win.cc(163)] CreateFile C:\Program Files\settings.dat: Access is denied. (0x5)
[0126/204700:ERROR:registration_protocol_win.cc(82)] TransactNamedPipe: The pipe has been ended. (0x6D)
[0126/204700:ERROR:file_io_win.cc(163)] CreateFile C:\Program Files\settings.dat: Access is denied. (0x5)
[0126/204711:ERROR:file_io_win.cc(163)] CreateFile C:\Program Files\settings.dat: Access is denied. (0x5)
[0126/204711:ERROR:registration_protocol_win.cc(82)] TransactNamedPipe: The pipe has been ended. (0x6D)
[0126/204711:ERROR:file_io_win.cc(163)] CreateFile C:\Program Files\settings.dat: Access is denied. (0x5)
[0126/204711:ERROR:file_io_win.cc(163)] CreateFile C:\Program Files\settings.dat: Access is denied. (0x5)
[0126/204711:ERROR:registration_protocol_win.cc(82)] TransactNamedPipe: The pipe has been ended. (0x6D)
[0126/204711:ERROR:file_io_win.cc(163)] CreateFile C:\Program Files\settings.dat: Access is denied. (0x5)
[0126/204742:ERROR:file_io_win.cc(163)] CreateFile C:\Program Files\settings.dat: Access is denied. (0x5)
[0126/204742:ERROR:registration_protocol_win.cc(82)] TransactNamedPipe: The pipe has been ended. (0x6D)
[0126/204742:ERROR:file_io_win.cc(163)] CreateFile C:\Program Files\settings.dat: Access is denied. (0x5)
[0126/204805:ERROR:file_io_win.cc(163)] CreateFile C:\Program Files\settings.dat: Access is denied. (0x5)
[0126/204805:ERROR:registration_protocol_win.cc(82)] TransactNamedPipe: The pipe has been ended. (0x6D)
[0126/204805:ERROR:file_io_win.cc(163)] CreateFile C:\Program Files\settings.dat: Access is denied. (0x5)
[0127/102506:ERROR:file_io_win.cc(163)] CreateFile C:\Program Files\settings.dat: Access is denied. (0x5)
[0127/102507:ERROR:registration_protocol_win.cc(82)] TransactNamedPipe: The pipe has been ended. (0x6D)
[0127/102507:ERROR:file_io_win.cc(163)] CreateFile C:\Program Files\settings.dat: Access is denied. (0x5)
[0130/122839:ERROR:file_io_win.cc(163)] CreateFile C:\Program Files\settings.dat: Access is denied. (0x5)
[0130/122839:ERROR:registration_protocol_win.cc(82)] TransactNamedPipe: The pipe has been ended. (0x6D)
[0130/122840:ERROR:file_io_win.cc(163)] CreateFile C:\Program Files\settings.dat: Access is denied. (0x5)
[0130/161724:ERROR:tcp_listen_socket.cc(76)] Could not bind socket to 127.0.0.1:6004
[0130/161724:ERROR:node_debugger.cc(86)] Cannot start debugger server
[0131/090828:ERROR:file_io_win.cc(163)] CreateFile C:\Program Files\settings.dat: Access is denied. (0x5)
[0131/090828:ERROR:registration_protocol_win.cc(82)] TransactNamedPipe: The pipe has been ended. (0x6D)
[0131/090828:ERROR:file_io_win.cc(163)] CreateFile C:\Program Files\settings.dat: Access is denied. (0x5)
[0131/090857:ERROR:file_io_win.cc(163)] CreateFile C:\Program Files\settings.dat: Access is denied. (0x5)
[0131/090857:ERROR:registration_protocol_win.cc(82)] TransactNamedPipe: The pipe has been ended. (0x6D)
[0131/090857:ERROR:file_io_win.cc(163)] CreateFile C:\Program Files\settings.dat: Access is denied. (0x5)
[0131/121418:ERROR:file_io_win.cc(163)] CreateFile C:\Program Files\settings.dat: Access is denied. (0x5)
[0131/121418:ERROR:registration_protocol_win.cc(82)] TransactNamedPipe: The pipe has been ended. (0x6D)
[0131/121418:ERROR:file_io_win.cc(163)] CreateFile C:\Program Files\settings.dat: Access is denied. (0x5)
[0131/121454:ERROR:file_io_win.cc(163)] CreateFile C:\Program Files\settings.dat: Access is denied. (0x5)
[0131/121454:ERROR:registration_protocol_win.cc(82)] TransactNamedPipe: The pipe has been ended. (0x6D)
[0131/121454:ERROR:file_io_win.cc(163)] CreateFile C:\Program Files\settings.dat: Access is denied. (0x5)
[0131/130418:ERROR:crashpad_client_win.cc(439)] haven't called UseHandler()
[0131/130418:ERROR:crashpad_client_win.cc(439)] haven't called UseHandler()
[0131/130418:ERROR:crashpad_client_win.cc(439)] haven't called UseHandler()
[0131/130418:ERROR:crashpad_client_win.cc(439)] haven't called UseHandler()
[0131/153340:ERROR:file_io_win.cc(163)] CreateFile C:\Program Files\settings.dat: Access is denied. (0x5)
[0131/153340:ERROR:registration_protocol_win.cc(82)] TransactNamedPipe: The pipe has been ended. (0x6D)
[0131/153340:ERROR:file_io_win.cc(163)] CreateFile C:\Program Files\settings.dat: Access is denied. (0x5)
